<?xml version="1.0" encoding="UTF-8"?>
<testsuite name="com.example.project.TestBook" tests="3" skipped="0" failures="0" errors="0" timestamp="2025-01-30T04:19:42" hostname="codespaces-8ae404" time="0.09">
  <properties/>
  <testcase name="testBookInfo()" classname="com.example.project.TestBook" time="0.067"/>
  <testcase name="testBookConstructor()" classname="com.example.project.TestBook" time="0.003"/>
  <testcase name="testSetters()" classname="com.example.project.TestBook" time="0.003"/>
  <system-out><![CDATA[]]></system-out>
  <system-err><![CDATA[]]></system-err>
</testsuite>
