<?xml version="1.0" encoding="UTF-8"?>
<testsuite name="com.example.project.TestUser" tests="2" skipped="0" failures="0" errors="0" timestamp="2025-01-27T19:42:56" hostname="codespaces-8ae404" time="0.017">
  <properties/>
  <testcase name="testUserConstructor()" classname="com.example.project.TestUser" time="0.012"/>
  <testcase name="testUserInfo()" classname="com.example.project.TestUser" time="0.004"/>
  <system-out><![CDATA[]]></system-out>
  <system-err><![CDATA[]]></system-err>
</testsuite>
