<?xml version="1.0" encoding="UTF-8"?>
<testsuite name="com.example.project.TestBookStore" tests="6" skipped="0" failures="0" errors="0" timestamp="2025-01-30T04:19:42" hostname="codespaces-8ae404" time="0.017">
  <properties/>
  <testcase name="testAddBook()" classname="com.example.project.TestBookStore" time="0.003"/>
  <testcase name="testAddUser()" classname="com.example.project.TestBookStore" time="0.001"/>
  <testcase name="testInsertBooK()" classname="com.example.project.TestBookStore" time="0.0"/>
  <testcase name="testRemoveBook()" classname="com.example.project.TestBookStore" time="0.003"/>
  <testcase name="testRemoveUser()" classname="com.example.project.TestBookStore" time="0.0"/>
  <testcase name="testConsolidateUsers()" classname="com.example.project.TestBookStore" time="0.001"/>
  <system-out><![CDATA[]]></system-out>
  <system-err><![CDATA[]]></system-err>
</testsuite>
